C:\USERS\NATHANIEL\DESKTOP\FOODFORTHOUGHT\FOODFORTHOUGHT\FOODFORTHOUGHT\DEBUG\GAME.OBJ
C:\USERS\NATHANIEL\DESKTOP\FOODFORTHOUGHT\FOODFORTHOUGHT\FOODFORTHOUGHT\DEBUG\VC110.PDB
C:\USERS\NATHANIEL\DESKTOP\FOODFORTHOUGHT\FOODFORTHOUGHT\DEBUG\FOODFORTHOUGHT.ILK
C:\USERS\NATHANIEL\DESKTOP\FOODFORTHOUGHT\FOODFORTHOUGHT\DEBUG\FOODFORTHOUGHT.EXE
C:\USERS\NATHANIEL\DESKTOP\FOODFORTHOUGHT\FOODFORTHOUGHT\DEBUG\FOODFORTHOUGHT.PDB
C:\Users\Nathaniel\Desktop\FoodForThought\FoodForThought\FoodForThought\Debug\Game.obj
C:\Users\Nathaniel\Desktop\FoodForThought\FoodForThought\FoodForThought\Debug\cl.command.1.tlog
C:\Users\Nathaniel\Desktop\FoodForThought\FoodForThought\FoodForThought\Debug\CL.read.1.tlog
C:\Users\Nathaniel\Desktop\FoodForThought\FoodForThought\FoodForThought\Debug\CL.write.1.tlog
C:\Users\Nathaniel\Desktop\FoodForThought\FoodForThought\FoodForThought\Debug\link-cvtres.read.1.tlog
C:\Users\Nathaniel\Desktop\FoodForThought\FoodForThought\FoodForThought\Debug\link-cvtres.write.1.tlog
C:\Users\Nathaniel\Desktop\FoodForThought\FoodForThought\FoodForThought\Debug\link-rc.read.1.tlog
C:\Users\Nathaniel\Desktop\FoodForThought\FoodForThought\FoodForThought\Debug\link-rc.write.1.tlog
C:\Users\Nathaniel\Desktop\FoodForThought\FoodForThought\FoodForThought\Debug\link.command.1.tlog
C:\Users\Nathaniel\Desktop\FoodForThought\FoodForThought\FoodForThought\Debug\link.read.1.tlog
C:\Users\Nathaniel\Desktop\FoodForThought\FoodForThought\FoodForThought\Debug\link.write.1.tlog
C:\Users\Nathaniel\Desktop\FoodForThought\FoodForThought\FoodForThought\Debug\vc110.idb
C:\Users\Nathaniel\Desktop\FoodForThought\FoodForThought\FoodForThought\Debug\vc110.pdb
C:\Users\Nathaniel\Desktop\FoodForThought\FoodForThought\Debug\FoodForThought.pdb
C:\Users\Nathaniel\Desktop\FoodForThought\FoodForThought\Debug\FoodForThought.exe
C:\Users\Nathaniel\Desktop\FoodForThought\FoodForThought\Debug\FoodForThought.ilk
